WARNING:passlib.handlers.bcrypt:(trapped) error reading bcrypt version
Traceback (most recent call last):
  File "C:\Users\lavke\Desktop\Task\myenv\Lib\site-packages\passlib\handlers\bcrypt.py", line 620, in _load_backend_mixin
    version = _bcrypt.__about__.__version__
              ^^^^^^^^^^^^^^^^^
AttributeError: module 'bcrypt' has no attribute '__about__'
WARNING:passlib.handlers.bcrypt:(trapped) error reading bcrypt version
Traceback (most recent call last):
  File "C:\Users\lavke\Desktop\Task\myenv\Lib\site-packages\passlib\handlers\bcrypt.py", line 620, in _load_backend_mixin
    version = _bcrypt.__about__.__version__
              ^^^^^^^^^^^^^^^^^
AttributeError: module 'bcrypt' has no attribute '__about__'
WARNING:passlib.handlers.bcrypt:(trapped) error reading bcrypt version
Traceback (most recent call last):
  File "C:\Users\lavke\Desktop\Task\myenv\Lib\site-packages\passlib\handlers\bcrypt.py", line 620, in _load_backend_mixin
    version = _bcrypt.__about__.__version__
              ^^^^^^^^^^^^^^^^^
AttributeError: module 'bcrypt' has no attribute '__about__'
WARNING:passlib.handlers.bcrypt:(trapped) error reading bcrypt version
Traceback (most recent call last):
  File "C:\Users\lavke\Desktop\Task\myenv\Lib\site-packages\passlib\handlers\bcrypt.py", line 620, in _load_backend_mixin
    version = _bcrypt.__about__.__version__
              ^^^^^^^^^^^^^^^^^
AttributeError: module 'bcrypt' has no attribute '__about__'
